<?xml version="1.0" encoding="UTF-8"?>
<!-- Generated by org.testng.reporters.JUnitReportReporter -->
<testsuite skipped="0" hostname="ip-172-31-8-190" name="com.reqres.testcases.Reqres_Requests" tests="5" failures="0" timestamp="21 Mar 2021 16:20:05 GMT" time="3.573" errors="0">
  <testcase name="GetSingleUser" time="1.759" classname="com.reqres.testcases.Reqres_Requests"/>
  <testcase name="GetListOfUsers" time="0.387" classname="com.reqres.testcases.Reqres_Requests"/>
  <testcase name="CreateUser" time="0.360" classname="com.reqres.testcases.Reqres_Requests"/>
  <testcase name="UpdateUser" time="0.803" classname="com.reqres.testcases.Reqres_Requests"/>
  <testcase name="DeleteUser" time="0.264" classname="com.reqres.testcases.Reqres_Requests"/>
</testsuite> <!-- com.reqres.testcases.Reqres_Requests -->
