<?xml version="1.0" encoding="UTF-8"?>
<!-- Generated by org.testng.reporters.JUnitReportReporter -->
<testsuite skipped="0" hostname="ip-172-31-8-190" name="com.reqres.tests.getRequest" tests="6" failures="0" timestamp="23 Mar 2021 20:48:29 GMT" time="3.357" errors="0">
  <testcase name="GetListOfUsers" time="1.718" classname="com.reqres.tests.getRequest"/>
  <testcase name="GetSingleUser" time="0.154" classname="com.reqres.tests.getRequest"/>
  <testcase name="SingleUserNotFound" time="0.296" classname="com.reqres.tests.getRequest"/>
  <testcase name="GetListOfResources" time="0.466" classname="com.reqres.tests.getRequest"/>
  <testcase name="GetSingleResources" time="0.609" classname="com.reqres.tests.getRequest"/>
  <testcase name="SingleResourceNotFound" time="0.114" classname="com.reqres.tests.getRequest"/>
</testsuite> <!-- com.reqres.tests.getRequest -->
