<?xml version="1.0" encoding="UTF-8"?>
<!-- Generated by org.testng.reporters.JUnitReportReporter -->
<testsuite skipped="0" hostname="ip-172-31-8-190" name="com.reqres.testcases.Reqres_Requests" tests="5" failures="0" timestamp="23 Mar 2021 01:08:56 GMT" time="4.036" errors="0">
  <testcase name="GetSingleUser" time="1.840" classname="com.reqres.testcases.Reqres_Requests"/>
  <testcase name="GetListOfUsers" time="0.347" classname="com.reqres.testcases.Reqres_Requests"/>
  <testcase name="CreateUser" time="0.343" classname="com.reqres.testcases.Reqres_Requests"/>
  <testcase name="UpdateUser" time="1.259" classname="com.reqres.testcases.Reqres_Requests"/>
  <testcase name="DeleteUser" time="0.247" classname="com.reqres.testcases.Reqres_Requests"/>
</testsuite> <!-- com.reqres.testcases.Reqres_Requests -->
