<?xml version="1.0" encoding="UTF-8"?>
<!-- Generated by org.testng.reporters.JUnitReportReporter -->
<testsuite skipped="0" hostname="ip-172-31-8-190" name="com.reqres.tests.postRequest" tests="6" failures="0" timestamp="25 Mar 2021 19:10:49 GMT" time="3.844" errors="0">
  <testcase name="CreateUser" time="1.841" classname="com.reqres.tests.postRequest"/>
  <testcase name="UpdateUser" time="0.348" classname="com.reqres.tests.postRequest"/>
  <testcase name="RegisterSuccess" time="0.864" classname="com.reqres.tests.postRequest"/>
  <testcase name="RegisterFailure" time="0.298" classname="com.reqres.tests.postRequest"/>
  <testcase name="LoginSuccess" time="0.243" classname="com.reqres.tests.postRequest"/>
  <testcase name="LoginUnSuccess" time="0.250" classname="com.reqres.tests.postRequest"/>
</testsuite> <!-- com.reqres.tests.postRequest -->
